{"C:\\Users\\rodri\\OneDrive\\Documentos\\Materiais-De-Estudo\\projeto-react\\src\\index.js": {"path":"C:\\Users\\rodri\\OneDrive\\Documentos\\Materiais-De-Estudo\\projeto-react\\src\\index.js","statementMap":{"0":{"start":{"line":8,"column":13},"end":{"line":8,"column":65}},"1":{"start":{"line":9,"column":0},"end":{"line":13,"column":2}}},"fnMap":{},"branchMap":{},"s":{"0":0,"1":0},"f":{},"b":{}}
,"C:\\Users\\rodri\\OneDrive\\Documentos\\Materiais-De-Estudo\\projeto-react\\src\\components\\Button\\index.jsx": {"path":"C:\\Users\\rodri\\OneDrive\\Documentos\\Materiais-De-Estudo\\projeto-react\\src\\components\\Button\\index.jsx","statementMap":{"0":{"start":{"line":4,"column":22},"end":{"line":12,"column":1}},"1":{"start":{"line":5,"column":2},"end":{"line":11,"column":11}},"2":{"start":{"line":14,"column":0},"end":{"line":16,"column":1}},"3":{"start":{"line":18,"column":0},"end":{"line":22,"column":2}}},"fnMap":{"0":{"name":"(anonymous_0)","decl":{"start":{"line":4,"column":22},"end":{"line":4,"column":23}},"loc":{"start":{"line":5,"column":2},"end":{"line":11,"column":11}},"line":5}},"branchMap":{"0":{"loc":{"start":{"line":4,"column":40},"end":{"line":4,"column":56}},"type":"default-arg","locations":[{"start":{"line":4,"column":51},"end":{"line":4,"column":56}}],"line":4}},"s":{"0":1,"1":5,"2":1,"3":1},"f":{"0":5},"b":{"0":[0]},"_coverageSchema":"1a1c01bbd47fc00a2c39e90264f33305004495a9","hash":"f026ba69bb7c6dfafe38f16cbc679ecc4fa5eabd"}
,"C:\\Users\\rodri\\OneDrive\\Documentos\\Materiais-De-Estudo\\projeto-react\\src\\components\\PostCard\\index.jsx": {"path":"C:\\Users\\rodri\\OneDrive\\Documentos\\Materiais-De-Estudo\\projeto-react\\src\\components\\PostCard\\index.jsx","statementMap":{"0":{"start":{"line":4,"column":24},"end":{"line":14,"column":1}},"1":{"start":{"line":5,"column":4},"end":{"line":13,"column":6}},"2":{"start":{"line":16,"column":0},"end":{"line":21,"column":2}}},"fnMap":{"0":{"name":"(anonymous_0)","decl":{"start":{"line":4,"column":24},"end":{"line":4,"column":25}},"loc":{"start":{"line":4,"column":55},"end":{"line":14,"column":1}},"line":4}},"branchMap":{},"s":{"0":2,"1":8,"2":2},"f":{"0":8},"b":{},"_coverageSchema":"1a1c01bbd47fc00a2c39e90264f33305004495a9","hash":"899b0379c6e76dca54f473e86a2d02c8fbcbd2cb"}
,"C:\\Users\\rodri\\OneDrive\\Documentos\\Materiais-De-Estudo\\projeto-react\\src\\components\\PostCard\\mock.js": {"path":"C:\\Users\\rodri\\OneDrive\\Documentos\\Materiais-De-Estudo\\projeto-react\\src\\components\\PostCard\\mock.js","statementMap":{"0":{"start":{"line":1,"column":33},"end":{"line":6,"column":1}}},"fnMap":{},"branchMap":{},"s":{"0":1},"f":{},"b":{},"_coverageSchema":"1a1c01bbd47fc00a2c39e90264f33305004495a9","hash":"71fec84310ed5449cf42e1ef8bedb17e12bb5bf6"}
,"C:\\Users\\rodri\\OneDrive\\Documentos\\Materiais-De-Estudo\\projeto-react\\src\\components\\Posts\\index.jsx": {"path":"C:\\Users\\rodri\\OneDrive\\Documentos\\Materiais-De-Estudo\\projeto-react\\src\\components\\Posts\\index.jsx","statementMap":{"0":{"start":{"line":5,"column":21},"end":{"line":16,"column":1}},"1":{"start":{"line":6,"column":2},"end":{"line":15,"column":8}},"2":{"start":{"line":8,"column":6},"end":{"line":13,"column":27}},"3":{"start":{"line":22,"column":0},"end":{"line":29,"column":1}}},"fnMap":{"0":{"name":"(anonymous_0)","decl":{"start":{"line":5,"column":21},"end":{"line":5,"column":22}},"loc":{"start":{"line":6,"column":2},"end":{"line":15,"column":8}},"line":6},"1":{"name":"(anonymous_1)","decl":{"start":{"line":7,"column":15},"end":{"line":7,"column":16}},"loc":{"start":{"line":8,"column":6},"end":{"line":13,"column":27}},"line":8}},"branchMap":{"0":{"loc":{"start":{"line":5,"column":24},"end":{"line":5,"column":35}},"type":"default-arg","locations":[{"start":{"line":5,"column":33},"end":{"line":5,"column":35}}],"line":5}},"s":{"0":1,"1":3,"2":6,"3":1},"f":{"0":3,"1":6},"b":{"0":[1]},"_coverageSchema":"1a1c01bbd47fc00a2c39e90264f33305004495a9","hash":"e5528522882b7cec109fc8cdc27f0d77133a28a8"}
,"C:\\Users\\rodri\\OneDrive\\Documentos\\Materiais-De-Estudo\\projeto-react\\src\\components\\TextInput\\index.jsx": {"path":"C:\\Users\\rodri\\OneDrive\\Documentos\\Materiais-De-Estudo\\projeto-react\\src\\components\\TextInput\\index.jsx","statementMap":{"0":{"start":{"line":4,"column":25},"end":{"line":14,"column":1}},"1":{"start":{"line":5,"column":4},"end":{"line":13,"column":6}},"2":{"start":{"line":16,"column":0},"end":{"line":19,"column":1}}},"fnMap":{"0":{"name":"(anonymous_0)","decl":{"start":{"line":4,"column":25},"end":{"line":4,"column":26}},"loc":{"start":{"line":4,"column":60},"end":{"line":14,"column":1}},"line":4}},"branchMap":{},"s":{"0":1,"1":3,"2":1},"f":{"0":3},"b":{},"_coverageSchema":"1a1c01bbd47fc00a2c39e90264f33305004495a9","hash":"9f8e6fe2f6706fa7d52d67031fbce04887a60595"}
,"C:\\Users\\rodri\\OneDrive\\Documentos\\Materiais-De-Estudo\\projeto-react\\src\\templates\\Home\\index.jsx": {"path":"C:\\Users\\rodri\\OneDrive\\Documentos\\Materiais-De-Estudo\\projeto-react\\src\\templates\\Home\\index.jsx","statementMap":{"0":{"start":{"line":11,"column":20},"end":{"line":92,"column":1}},"1":{"start":{"line":12,"column":28},"end":{"line":12,"column":40}},"2":{"start":{"line":13,"column":34},"end":{"line":13,"column":46}},"3":{"start":{"line":14,"column":26},"end":{"line":14,"column":37}},"4":{"start":{"line":15,"column":25},"end":{"line":15,"column":37}},"5":{"start":{"line":16,"column":40},"end":{"line":16,"column":52}},"6":{"start":{"line":18,"column":22},"end":{"line":18,"column":60}},"7":{"start":{"line":20,"column":24},"end":{"line":27,"column":9}},"8":{"start":{"line":22,"column":6},"end":{"line":24,"column":8}},"9":{"start":{"line":30,"column":26},"end":{"line":35,"column":8}},"10":{"start":{"line":31,"column":27},"end":{"line":31,"column":44}},"11":{"start":{"line":33,"column":4},"end":{"line":33,"column":55}},"12":{"start":{"line":34,"column":4},"end":{"line":34,"column":32}},"13":{"start":{"line":37,"column":2},"end":{"line":40,"column":38}},"14":{"start":{"line":38,"column":4},"end":{"line":38,"column":51}},"15":{"start":{"line":39,"column":4},"end":{"line":39,"column":37}},"16":{"start":{"line":42,"column":24},"end":{"line":49,"column":3}},"17":{"start":{"line":43,"column":21},"end":{"line":43,"column":40}},"18":{"start":{"line":44,"column":22},"end":{"line":44,"column":71}},"19":{"start":{"line":45,"column":4},"end":{"line":45,"column":29}},"20":{"start":{"line":47,"column":4},"end":{"line":47,"column":20}},"21":{"start":{"line":48,"column":4},"end":{"line":48,"column":22}},"22":{"start":{"line":51,"column":23},"end":{"line":54,"column":3}},"23":{"start":{"line":52,"column":22},"end":{"line":52,"column":30}},"24":{"start":{"line":53,"column":4},"end":{"line":53,"column":26}},"25":{"start":{"line":57,"column":2},"end":{"line":91,"column":4}}},"fnMap":{"0":{"name":"(anonymous_0)","decl":{"start":{"line":11,"column":20},"end":{"line":11,"column":21}},"loc":{"start":{"line":11,"column":26},"end":{"line":92,"column":1}},"line":11},"1":{"name":"(anonymous_1)","decl":{"start":{"line":21,"column":20},"end":{"line":21,"column":21}},"loc":{"start":{"line":21,"column":28},"end":{"line":25,"column":5}},"line":21},"2":{"name":"(anonymous_2)","decl":{"start":{"line":30,"column":38},"end":{"line":30,"column":39}},"loc":{"start":{"line":30,"column":68},"end":{"line":35,"column":3}},"line":30},"3":{"name":"(anonymous_3)","decl":{"start":{"line":37,"column":12},"end":{"line":37,"column":13}},"loc":{"start":{"line":37,"column":18},"end":{"line":40,"column":3}},"line":37},"4":{"name":"(anonymous_4)","decl":{"start":{"line":42,"column":24},"end":{"line":42,"column":25}},"loc":{"start":{"line":42,"column":30},"end":{"line":49,"column":3}},"line":42},"5":{"name":"(anonymous_5)","decl":{"start":{"line":51,"column":23},"end":{"line":51,"column":24}},"loc":{"start":{"line":51,"column":30},"end":{"line":54,"column":3}},"line":51}},"branchMap":{"0":{"loc":{"start":{"line":20,"column":24},"end":{"line":27,"column":9}},"type":"cond-expr","locations":[{"start":{"line":21,"column":4},"end":{"line":25,"column":6}},{"start":{"line":27,"column":4},"end":{"line":27,"column":9}}],"line":20},"1":{"loc":{"start":{"line":60,"column":9},"end":{"line":62,"column":9}},"type":"binary-expr","locations":[{"start":{"line":60,"column":9},"end":{"line":60,"column":22}},{"start":{"line":61,"column":10},"end":{"line":61,"column":46}}],"line":60},"2":{"loc":{"start":{"line":71,"column":7},"end":{"line":73,"column":7}},"type":"binary-expr","locations":[{"start":{"line":71,"column":7},"end":{"line":71,"column":31}},{"start":{"line":72,"column":8},"end":{"line":72,"column":39}}],"line":71},"3":{"loc":{"start":{"line":74,"column":7},"end":{"line":76,"column":7}},"type":"binary-expr","locations":[{"start":{"line":74,"column":7},"end":{"line":74,"column":33}},{"start":{"line":75,"column":8},"end":{"line":75,"column":35}}],"line":74},"4":{"loc":{"start":{"line":80,"column":9},"end":{"line":86,"column":9}},"type":"binary-expr","locations":[{"start":{"line":80,"column":9},"end":{"line":80,"column":21}},{"start":{"line":81,"column":10},"end":{"line":85,"column":12}}],"line":80}},"s":{"0":0,"1":0,"2":0,"3":0,"4":0,"5":0,"6":0,"7":0,"8":0,"9":0,"10":0,"11":0,"12":0,"13":0,"14":0,"15":0,"16":0,"17":0,"18":0,"19":0,"20":0,"21":0,"22":0,"23":0,"24":0,"25":0},"f":{"0":0,"1":0,"2":0,"3":0,"4":0,"5":0},"b":{"0":[0,0],"1":[0,0],"2":[0,0],"3":[0,0],"4":[0,0]}}
}
