TN:
SF:src\index.js
FNF:0
FNH:0
DA:8,0
DA:9,0
LF:2
LH:0
BRF:0
BRH:0
end_of_record
TN:
SF:src\components\Button\index.jsx
FN:4,(anonymous_0)
FNF:1
FNH:1
FNDA:5,(anonymous_0)
DA:4,1
DA:5,5
DA:14,1
DA:18,1
LF:4
LH:4
BRDA:4,0,0,0
BRF:1
BRH:0
end_of_record
TN:
SF:src\components\PostCard\index.jsx
FN:4,(anonymous_0)
FNF:1
FNH:1
FNDA:8,(anonymous_0)
DA:4,2
DA:5,8
DA:16,2
LF:3
LH:3
BRF:0
BRH:0
end_of_record
TN:
SF:src\components\PostCard\mock.js
FNF:0
FNH:0
DA:1,1
LF:1
LH:1
BRF:0
BRH:0
end_of_record
TN:
SF:src\components\Posts\index.jsx
FN:5,(anonymous_0)
FN:7,(anonymous_1)
FNF:2
FNH:2
FNDA:3,(anonymous_0)
FNDA:6,(anonymous_1)
DA:5,1
DA:6,3
DA:8,6
DA:22,1
LF:4
LH:4
BRDA:5,0,0,1
BRF:1
BRH:1
end_of_record
TN:
SF:src\components\TextInput\index.jsx
FN:4,(anonymous_0)
FNF:1
FNH:1
FNDA:3,(anonymous_0)
DA:4,1
DA:5,3
DA:16,1
LF:3
LH:3
BRF:0
BRH:0
end_of_record
TN:
SF:src\templates\Home\index.jsx
FN:11,(anonymous_0)
FN:21,(anonymous_1)
FN:30,(anonymous_2)
FN:37,(anonymous_3)
FN:42,(anonymous_4)
FN:51,(anonymous_5)
FNF:6
FNH:0
FNDA:0,(anonymous_0)
FNDA:0,(anonymous_1)
FNDA:0,(anonymous_2)
FNDA:0,(anonymous_3)
FNDA:0,(anonymous_4)
FNDA:0,(anonymous_5)
DA:11,0
DA:12,0
DA:13,0
DA:14,0
DA:15,0
DA:16,0
DA:18,0
DA:20,0
DA:22,0
DA:30,0
DA:31,0
DA:33,0
DA:34,0
DA:37,0
DA:38,0
DA:39,0
DA:42,0
DA:43,0
DA:44,0
DA:45,0
DA:47,0
DA:48,0
DA:51,0
DA:52,0
DA:53,0
DA:57,0
LF:26
LH:0
BRDA:20,0,0,0
BRDA:20,0,1,0
BRDA:60,1,0,0
BRDA:60,1,1,0
BRDA:71,2,0,0
BRDA:71,2,1,0
BRDA:74,3,0,0
BRDA:74,3,1,0
BRDA:80,4,0,0
BRDA:80,4,1,0
BRF:10
BRH:0
end_of_record
